<?xml version="1.0" encoding="UTF-8"?>
<robot generator="Robot 5.0 (Python 3.8.0 on win32)" generated="20220930 20:31:17.444" rpa="false" schemaversion="3">
<suite id="s1" name="Webautomation" source="C:\Users\User\Desktop\phatreinamento\tests\features\webautomation.robot">
<kw name="Abrir o meu navegador" library="hooks" type="SETUP">
<kw name="Open Browser" library="SeleniumLibrary">
<arg>${URL}</arg>
<arg>${BROWSER}</arg>
<doc>Opens a new browser instance to the optional ``url``.</doc>
<msg timestamp="20220930 20:31:17.896" level="INFO">Opening browser 'chrome' to base url 'https://learningprime.com.br/'.</msg>
<status status="PASS" starttime="20220930 20:31:17.896" endtime="20220930 20:31:22.826"/>
</kw>
<kw name="Set Selenium Implicit Wait" library="SeleniumLibrary">
<arg>30</arg>
<doc>Sets the implicit wait value used by Selenium.</doc>
<status status="PASS" starttime="20220930 20:31:22.826" endtime="20220930 20:31:22.828"/>
</kw>
<kw name="Maximize Browser Window" library="SeleniumLibrary">
<doc>Maximizes current browser window.</doc>
<status status="PASS" starttime="20220930 20:31:22.828" endtime="20220930 20:31:22.957"/>
</kw>
<status status="PASS" starttime="20220930 20:31:17.895" endtime="20220930 20:31:22.957"/>
</kw>
<test id="s1-t1" name="Cenario: Buscando uma Bag" line="11">
<kw name="Dado que eu esteja na tela Home do site" library="kws_busca">
<kw name="Title Should Be" library="SeleniumLibrary">
<arg>Learning Prime Store</arg>
<doc>Verifies that the current page title equals ``title``.</doc>
<msg timestamp="20220930 20:31:22.966" level="INFO">Page title is 'Learning Prime Store'.</msg>
<status status="PASS" starttime="20220930 20:31:22.959" endtime="20220930 20:31:22.966"/>
</kw>
<kw name="Wait Until Page Contains" library="SeleniumLibrary">
<arg>Comprar por Categories</arg>
<doc>Waits until ``text`` appears on the current page.</doc>
<status status="PASS" starttime="20220930 20:31:22.966" endtime="20220930 20:31:22.982"/>
</kw>
<status status="PASS" starttime="20220930 20:31:22.959" endtime="20220930 20:31:22.983"/>
</kw>
<kw name="Quando pesquisar o produto" library="kws_busca">
<arg>Bag</arg>
<kw name="Input Text" library="SeleniumLibrary">
<arg>${HOME.INPUT_BUSCA}</arg>
<arg>${PRODUTO}</arg>
<doc>Types the given ``text`` into the text field identified by ``locator``.</doc>
<msg timestamp="20220930 20:31:22.985" level="INFO">Typing text 'Bag' into text field '//input[@placeholder='Busca' and @type='search']'.</msg>
<status status="PASS" starttime="20220930 20:31:22.984" endtime="20220930 20:31:23.088"/>
</kw>
<kw name="Click Element" library="SeleniumLibrary">
<arg>${HOME.BTN_BUSCAR}</arg>
<doc>Click the element identified by ``locator``.</doc>
<msg timestamp="20220930 20:31:23.089" level="INFO">Clicking element '//*[@type='submit' and @value='Busca']'.</msg>
<status status="PASS" starttime="20220930 20:31:23.088" endtime="20220930 20:31:23.617"/>
</kw>
<status status="PASS" starttime="20220930 20:31:22.983" endtime="20220930 20:31:23.618"/>
</kw>
<kw name="Então o produto deve ser apresentado com sucesso" library="kws_busca">
<kw name="Wait Until Page Contains" library="SeleniumLibrary">
<arg>Resultados da busca por 'Bag'</arg>
<doc>Waits until ``text`` appears on the current page.</doc>
<status status="PASS" starttime="20220930 20:31:23.619" endtime="20220930 20:31:23.643"/>
</kw>
<kw name="Page Should Contain Image" library="SeleniumLibrary">
<arg>${HOME.IMG_BAG}</arg>
<doc>Verifies image identified by ``locator`` is found from current page.</doc>
<msg timestamp="20220930 20:31:23.666" level="INFO">Current page contains image '//img[@src="/spree/products/23/small/ror_bag.jpeg?1552494900"]'.</msg>
<status status="PASS" starttime="20220930 20:31:23.643" endtime="20220930 20:31:23.666"/>
</kw>
<status status="PASS" starttime="20220930 20:31:23.619" endtime="20220930 20:31:23.666"/>
</kw>
<kw name="E a seguinte mensagem deve ser apresentada" library="kws_busca">
<arg>Resultados da busca por 'Bag'</arg>
<kw name="Wait Until Page Contains" library="SeleniumLibrary">
<arg>${MESSAGE}</arg>
<doc>Waits until ``text`` appears on the current page.</doc>
<status status="PASS" starttime="20220930 20:31:23.668" endtime="20220930 20:31:23.678"/>
</kw>
<status status="PASS" starttime="20220930 20:31:23.667" endtime="20220930 20:31:23.678"/>
</kw>
<tag>BUSCA</tag>
<status status="PASS" starttime="20220930 20:31:22.958" endtime="20220930 20:31:23.678"/>
</test>
<kw name="Fechar navegador" library="hooks" type="TEARDOWN">
<kw name="Capture Page Screenshot" library="SeleniumLibrary">
<doc>Takes a screenshot of the current page and embeds it into a log file.</doc>
<msg timestamp="20220930 20:31:23.871" level="INFO" html="true">&lt;/td&gt;&lt;/tr&gt;&lt;tr&gt;&lt;td colspan="3"&gt;&lt;a href="selenium-screenshot-5.png"&gt;&lt;img src="selenium-screenshot-5.png" width="800px"&gt;&lt;/a&gt;</msg>
<status status="PASS" starttime="20220930 20:31:23.681" endtime="20220930 20:31:23.871"/>
</kw>
<kw name="Close Browser" library="SeleniumLibrary">
<doc>Closes the current browser.</doc>
<status status="PASS" starttime="20220930 20:31:23.871" endtime="20220930 20:31:26.034"/>
</kw>
<status status="PASS" starttime="20220930 20:31:23.681" endtime="20220930 20:31:26.034"/>
</kw>
<doc>Aqui neste arquivo estaram presentes todos os tipos de
variáveis que iremos estudar ao longo do treinamento.</doc>
<status status="PASS" starttime="20220930 20:31:17.447" endtime="20220930 20:31:26.034"/>
</suite>
<statistics>
<total>
<stat pass="1" fail="0" skip="0">All Tests</stat>
</total>
<tag>
<stat pass="1" fail="0" skip="0">BUSCA</stat>
</tag>
<suite>
<stat pass="1" fail="0" skip="0" id="s1" name="Webautomation">Webautomation</stat>
</suite>
</statistics>
<errors>
<msg timestamp="20220930 20:31:17.886" level="WARN">Imported resource file 'C:\Users\User\Desktop\phatreinamento\src\pages\cadastro_page.robot' is empty.</msg>
</errors>
</robot>
